#
# There is insufficient memory for the Java Runtime Environment to continue.
# Native memory allocation (mmap) failed to map 266338304 bytes for G1 virtual space
# Possible reasons:
#   The system is out of physical RAM or swap space
#   The process is running with CompressedOops enabled, and the Java Heap may be blocking the growth of the native heap
# Possible solutions:
#   Reduce memory load on the system
#   Increase physical memory or swap space
#   Check if swap backing store is full
#   Decrease Java heap size (-Xmx/-Xms)
#   Decrease number of Java threads
#   Decrease Java thread stack sizes (-Xss)
#   Set larger code cache with -XX:ReservedCodeCacheSize=
#   JVM is running with Zero Based Compressed Oops mode in which the Java heap is
#     placed in the first 32GB address space. The Java Heap base address is the
#     maximum limit for the native heap growth. Please use -XX:HeapBaseMinAddress
#     to set the Java Heap base and to place the Java Heap above 32GB virtual address.
# This output file may be truncated or incomplete.
#
#  Out of Memory Error (os_windows.cpp:3600), pid=8244, tid=2620
#
# JRE version:  (21.0.2+13) (build )
# Java VM: Java HotSpot(TM) 64-Bit Server VM (21.0.2+13-LTS-58, mixed mode, sharing, tiered, compressed oops, compressed class ptrs, g1 gc, windows-amd64)
# No core dump will be written. Minidumps are not enabled by default on client versions of Windows
#

---------------  S U M M A R Y ------------

Command Line: -XX:+ShowCodeDetailsInExceptionMessages model.Usuario

Host: Intel(R) Core(TM) i5-9300H CPU @ 2.40GHz, 8 cores, 15G,  Windows 11 , 64 bit Build 22621 (10.0.22621.3672)
Time: Wed Jun 26 19:56:33 2024 Hora oficial do Brasil elapsed time: 0.021952 seconds (0d 0h 0m 0s)

---------------  T H R E A D  ---------------

Current thread (0x00000235fe5378d0):  JavaThread "Unknown thread" [_thread_in_vm, id=2620, stack(0x000000a176900000,0x000000a176a00000) (1024K)]

Stack: [0x000000a176900000,0x000000a176a00000]
Native frames: (J=compiled Java code, j=interpreted, Vv=VM code, C=native code)
V  [jvm.dll+0x6cade9]
V  [jvm.dll+0x8569c1]
V  [jvm.dll+0x858d2e]
V  [jvm.dll+0x859413]
V  [jvm.dll+0x280e56]
V  [jvm.dll+0x6c74d5]
V  [jvm.dll+0x6bbeca]
V  [jvm.dll+0x355bca]
V  [jvm.dll+0x35d816]
V  [jvm.dll+0x3ae67e]
V  [jvm.dll+0x3ae928]
V  [jvm.dll+0x3295dc]
V  [jvm.dll+0x32a16b]
V  [jvm.dll+0x81efa9]
V  [jvm.dll+0x3bba01]
V  [jvm.dll+0x807928]
V  [jvm.dll+0x44f50e]
V  [jvm.dll+0x450e11]
C  [jli.dll+0x52a3]
C  [ucrtbase.dll+0x29333]
C  [KERNEL32.DLL+0x1257d]
C  [ntdll.dll+0x5af28]


---------------  P R O C E S S  ---------------

Threads class SMR info:
_java_thread_list=0x00007ff9c7c6bb88, length=0, elements={
}

Java Threads: ( => current thread )
Total: 0

Other Threads:
  0x00000235ff4ec4a0 WorkerThread "GC Thread#0"                     [id=21768, stack(0x000000a176a00000,0x000000a176b00000) (1024K)]
  0x00000235ff4fd3b0 ConcurrentGCThread "G1 Main Marker"            [id=27332, stack(0x000000a176b00000,0x000000a176c00000) (1024K)]
  0x00000235ff4fee60 WorkerThread "G1 Conc#0"                       [id=28556, stack(0x000000a176c00000,0x000000a176d00000) (1024K)]

[error occurred during error reporting (printing all threads), id 0xc0000005, EXCEPTION_ACCESS_VIOLATION (0xc0000005) at pc=0x00007ff9c73dc6a7]
VM state: not at safepoint (not fully initialized)

VM Mutex/Monitor currently owned by a thread:  ([mutex/lock_event])
[0x00007ff9c7cdce68] Heap_lock - owner thread: 0x00000235fe5378d0

Heap address: 0x0000000702800000, size: 4056 MB, Compressed Oops mode: Zero based, Oop shift amount: 3

CDS archive(s) mapped at: [0x0000000000000000-0x0000000000000000-0x0000000000000000), size 0, SharedBaseAddress: 0x0000000800000000, ArchiveRelocationMode: 1.
Narrow klass base: 0x0000000000000000, Narrow klass shift: 0, Narrow klass range: 0x0

GC Precious Log:
 CardTable entry size: 512
 Card Set container configuration: InlinePtr #cards 4 size 8 Array Of Cards #cards 16 size 48 Howl #buckets 8 coarsen threshold 3686 Howl Bitmap #cards 512 size 80 coarsen threshold 460 Card regions per heap region 1 cards per card region 4096

Heap:
 garbage-first heap   total 0K, used 0K [0x0000000702800000, 0x0000000800000000)
  region size 2048K, 0 young (0K), 0 survivors (0K)

[error occurred during error reporting (printing heap information), id 0xc0000005, EXCEPTION_ACCESS_VIOLATION (0xc0000005) at pc=0x00007ff9c77c39f9]
GC Heap History (0 events):
No events

Dll operation events (1 events):
Event: 0.013 Loaded shared library C:\Program Files\Java\jdk-21\bin\java.dll

Deoptimization events (0 events):
No events

Classes loaded (0 events):
No events

Classes unloaded (0 events):
No events

Classes redefined (0 events):
No events

Internal exceptions (0 events):
No events

ZGC Phase Switch (0 events):
No events

VM Operations (0 events):
No events

Events (0 events):
No events


Dynamic libraries:
0x00007ff6a64e0000 - 0x00007ff6a64f0000 	C:\Program Files\Java\jdk-21\bin\java.exe
0x00007ffa49c70000 - 0x00007ffa49e87000 	C:\Windows\SYSTEM32\ntdll.dll
0x00007ffa487d0000 - 0x00007ffa48894000 	C:\Windows\System32\KERNEL32.DLL
0x00007ffa473b0000 - 0x00007ffa4775c000 	C:\Windows\System32\KERNELBASE.dll
0x00007ffa47150000 - 0x00007ffa47261000 	C:\Windows\System32\ucrtbase.dll
0x00007ffa12f20000 - 0x00007ffa12f3b000 	C:\Program Files\Java\jdk-21\bin\VCRUNTIME140.dll
0x00007ffa02720000 - 0x00007ffa02739000 	C:\Program Files\Java\jdk-21\bin\jli.dll
0x00007ffa47d10000 - 0x00007ffa47dc2000 	C:\Windows\System32\ADVAPI32.dll
0x00007ffa47a50000 - 0x00007ffa47af7000 	C:\Windows\System32\msvcrt.dll
0x00007ffa47980000 - 0x00007ffa47a2a000 	C:\Windows\System32\sechost.dll
0x00007ffa47950000 - 0x00007ffa47978000 	C:\Windows\System32\bcrypt.dll
0x00007ffa47f40000 - 0x00007ffa48055000 	C:\Windows\System32\RPCRT4.dll
0x00007ffa488a0000 - 0x00007ffa48a4e000 	C:\Windows\System32\USER32.dll
0x00007ffa47380000 - 0x00007ffa473a6000 	C:\Windows\System32\win32u.dll
0x00007ffa2c220000 - 0x00007ffa2c4b3000 	C:\Windows\WinSxS\amd64_microsoft.windows.common-controls_6595b64144ccf1df_6.0.22621.3672_none_2713b9d173822955\COMCTL32.dll
0x00007ffa49a20000 - 0x00007ffa49a49000 	C:\Windows\System32\GDI32.dll
0x00007ffa46f70000 - 0x00007ffa47089000 	C:\Windows\System32\gdi32full.dll
0x00007ffa47270000 - 0x00007ffa4730a000 	C:\Windows\System32\msvcp_win.dll
0x00007ffa41fd0000 - 0x00007ffa41fda000 	C:\Windows\SYSTEM32\VERSION.dll
0x00007ffa48df0000 - 0x00007ffa48e21000 	C:\Windows\System32\IMM32.DLL
0x00007ffa109e0000 - 0x00007ffa109ec000 	C:\Program Files\Java\jdk-21\bin\vcruntime140_1.dll
0x00007ff9e34c0000 - 0x00007ff9e354e000 	C:\Program Files\Java\jdk-21\bin\msvcp140.dll
0x00007ff9c70a0000 - 0x00007ff9c7db7000 	C:\Program Files\Java\jdk-21\bin\server\jvm.dll
0x00007ffa47eb0000 - 0x00007ffa47f21000 	C:\Windows\System32\WS2_32.dll
0x00007ffa45dc0000 - 0x00007ffa45e0d000 	C:\Windows\SYSTEM32\POWRPROF.dll
0x00007ffa415d0000 - 0x00007ffa41604000 	C:\Windows\SYSTEM32\WINMM.dll
0x00007ffa45da0000 - 0x00007ffa45db3000 	C:\Windows\SYSTEM32\UMPDC.dll
0x00007ffa46050000 - 0x00007ffa46068000 	C:\Windows\SYSTEM32\kernel.appcore.dll
0x00007ffa09c50000 - 0x00007ffa09c5a000 	C:\Program Files\Java\jdk-21\bin\jimage.dll
0x00007ffa44070000 - 0x00007ffa442a2000 	C:\Windows\SYSTEM32\DBGHELP.DLL
0x00007ffa48a60000 - 0x00007ffa48de8000 	C:\Windows\System32\combase.dll
0x00007ffa47dd0000 - 0x00007ffa47ea7000 	C:\Windows\System32\OLEAUT32.dll
0x00007ffa1edb0000 - 0x00007ffa1ede2000 	C:\Windows\SYSTEM32\dbgcore.DLL
0x00007ffa478d0000 - 0x00007ffa4794b000 	C:\Windows\System32\bcryptPrimitives.dll
0x00007ffa04900000 - 0x00007ffa0491f000 	C:\Program Files\Java\jdk-21\bin\java.dll

dbghelp: loaded successfully - version: 4.0.5 - missing functions: none
symbol engine: initialized successfully - sym options: 0x614 - pdb path: .;C:\Program Files\Java\jdk-21\bin;C:\Windows\SYSTEM32;C:\Windows\WinSxS\amd64_microsoft.windows.common-controls_6595b64144ccf1df_6.0.22621.3672_none_2713b9d173822955;C:\Program Files\Java\jdk-21\bin\server

VM Arguments:
jvm_args: -XX:+ShowCodeDetailsInExceptionMessages 
java_command: model.Usuario
java_class_path (initial): C:\Users\vivia\AppData\Roaming\Code\User\workspaceStorage\2544c321304a543c156be35f7dd52454\redhat.java\jdt_ws\SolCoop_7484ea0e\bin
Launcher Type: SUN_STANDARD

[Global flags]
     intx CICompilerCount                          = 4                                         {product} {ergonomic}
     uint ConcGCThreads                            = 2                                         {product} {ergonomic}
     uint G1ConcRefinementThreads                  = 8                                         {product} {ergonomic}
   size_t G1HeapRegionSize                         = 2097152                                   {product} {ergonomic}
    uintx GCDrainStackTargetSize                   = 64                                        {product} {ergonomic}
   size_t InitialHeapSize                          = 266338304                                 {product} {ergonomic}
   size_t MarkStackSize                            = 4194304                                   {product} {ergonomic}
   size_t MaxHeapSize                              = 4253024256                                {product} {ergonomic}
   size_t MinHeapDeltaBytes                        = 2097152                                   {product} {ergonomic}
   size_t MinHeapSize                              = 8388608                                   {product} {ergonomic}
    uintx NonNMethodCodeHeapSize                   = 5839372                                {pd product} {ergonomic}
    uintx NonProfiledCodeHeapSize                  = 122909434                              {pd product} {ergonomic}
    uintx ProfiledCodeHeapSize                     = 122909434                              {pd product} {ergonomic}
    uintx ReservedCodeCacheSize                    = 251658240                              {pd product} {ergonomic}
     bool SegmentedCodeCache                       = true                                      {product} {ergonomic}
     bool ShowCodeDetailsInExceptionMessages       = true                                   {manageable} {command line}
   size_t SoftMaxHeapSize                          = 4253024256                             {manageable} {ergonomic}
     bool UseCompressedOops                        = true                           {product lp64_product} {ergonomic}
     bool UseG1GC                                  = true                                      {product} {ergonomic}
     bool UseLargePagesIndividualAllocation        = false                                  {pd product} {ergonomic}

Logging:
Log output configuration:
 #0: stdout all=warning uptime,level,tags foldmultilines=false
 #1: stderr all=off uptime,level,tags foldmultilines=false

Environment Variables:
PATH=C:\Program Files\Common Files\Oracle\Java\javapath;C:\Program Files (x86)\Common Files\Oracle\Java\java8path;C:\Program Files (x86)\Common Files\Oracle\Java\javapath;C:\Windows\system32;C:\Windows;C:\Windows\System32\Wbem;C:\Windows\System32\WindowsPowerShell\v1.0\;C:\Windows\System32\OpenSSH\;C:\Program Files\NVIDIA Corporation\NVIDIA NvDLISR;C:\Program Files (x86)\NVIDIA Corporation\PhysX\Common;C:\Program Files\Git\cmd;C:\Users\vivia\AppData\Local\Microsoft\WindowsApps;C:\Users\vivia\AppData\Local\Programs\Microsoft VS Code\bin;C:\MinGW\bin;C:\Users\vivia\AppData\Local\GitHubDesktop\bin
USERNAME=vivia
LANG=pt_BR.UTF-8
OS=Windows_NT
PROCESSOR_IDENTIFIER=Intel64 Family 6 Model 158 Stepping 10, GenuineIntel
TMP=C:\Users\vivia\AppData\Local\Temp
TEMP=C:\Users\vivia\AppData\Local\Temp




Periodic native trim disabled

---------------  S Y S T E M  ---------------

OS:
 Windows 11 , 64 bit Build 22621 (10.0.22621.3672)
OS uptime: 0 days 5:59 hours
Hyper-V role detected

CPU: total 8 (initial active 8) (4 cores per cpu, 2 threads per core) family 6 model 158 stepping 10 microcode 0xde, cx8, cmov, fxsr, ht, mmx, 3dnowpref, sse, sse2, sse3, ssse3, sse4.1, sse4.2, popcnt, lzcnt, tsc, tscinvbit, avx, avx2, aes, erms, clmul, bmi1, bmi2, adx, fma, vzeroupper, clflush, clflushopt, hv, rdtscp, f16c
Processor Information for all 8 processors :
  Max Mhz: 2400, Current Mhz: 2400, Mhz Limit: 2400

Memory: 4k page, system-wide physical 16221M (4625M free)
TotalPageFile size 31383M (AvailPageFile size 168M)
current process WorkingSet (physical memory assigned to process): 12M, peak: 12M
current process commit charge ("private bytes"): 60M, peak: 314M

vm_info: Java HotSpot(TM) 64-Bit Server VM (21.0.2+13-LTS-58) for windows-amd64 JRE (21.0.2+13-LTS-58), built on 2024-01-05T18:32:24Z by "mach5one" with MS VC++ 17.1 (VS2022)

END.
